Start testing: Apr 05 16:34 EEST
----------------------------------------------------------
1/1 Testing: ExampleTests
1/1 Test: ExampleTests
Command: "/Users/vitaliysobol/projects/personal/cpp/json-parser/build/test/ExampleTests"
Directory: /Users/vitaliysobol/projects/personal/cpp/json-parser/build/test
"ExampleTests" start time: Apr 05 16:34 EEST
Output:
----------------------------------------------------------
Running main() from /Users/vitaliysobol/projects/personal/cpp/json-parser/googletest/googletest/src/gtest_main.cc
[==========] Running 3 tests from 2 test suites.
[----------] Global test environment set-up.
[----------] 2 tests from ExampleTests
[ RUN      ] ExampleTests.MAC
Starting up!
Tearing down!
[       OK ] ExampleTests.MAC (0 ms)
[ RUN      ] ExampleTests.Square
Starting up!
Tearing down!
[       OK ] ExampleTests.Square (0 ms)
[----------] 2 tests from ExampleTests (0 ms total)

[----------] 1 test from ExampleTests2
[ RUN      ] ExampleTests2.Square
[       OK ] ExampleTests2.Square (0 ms)
[----------] 1 test from ExampleTests2 (0 ms total)

[----------] Global test environment tear-down
[==========] 3 tests from 2 test suites ran. (0 ms total)
[  PASSED  ] 3 tests.
<end of output>
Test time =   0.11 sec
----------------------------------------------------------
Test Passed.
"ExampleTests" end time: Apr 05 16:34 EEST
"ExampleTests" time elapsed: 00:00:00
----------------------------------------------------------

End testing: Apr 05 16:34 EEST
