<?xml version="1.0" encoding="UTF-8"?>
<Site BuildName="(empty)"
	BuildStamp="20240404-1225-Experimental"
	Name="(empty)"
	Generator="ctest-3.29.0"
	CompilerName=""
	CompilerVersion=""
	OSName="macOS"
	Hostname="Vitaliys-Laptop"
	OSRelease="14.4.1"
	OSVersion="23E224"
	OSPlatform="arm64"
	Is64Bits="1"
	VendorString="IBM"
	VendorID="IBM"
	FamilyID="16777228"
	ModelID="2"
	ProcessorCacheSize="131072"
	NumberOfLogicalCPU="10"
	NumberOfPhysicalCPU="10"
	TotalVirtualMemory="0"
	TotalPhysicalMemory="32768"
	LogicalProcessorsPerPhysical="10"
	ProcessorClockFrequency="0"
	>
	<Testing>
		<StartDateTime>Apr 04 17:09 EEST</StartDateTime>
		<StartTestTime>1712239764</StartTestTime>
		<TestList>
			<Test>./test/ExampleTests</Test>
		</TestList>
		<Test Status="passed">
			<Name>ExampleTests</Name>
			<Path>./test</Path>
			<FullName>./test/ExampleTests</FullName>
			<FullCommandLine>/Users/vitaliysobol/projects/personal/cpp/json-parser/build-vscode/test/ExampleTests</FullCommandLine>
			<Results>
				<NamedMeasurement type="numeric/double" name="Execution Time">
					<Value>0.275958</Value>
				</NamedMeasurement>
				<NamedMeasurement type="numeric/double" name="Processors">
					<Value>1</Value>
				</NamedMeasurement>
				<NamedMeasurement type="text/string" name="Completion Status">
					<Value>Completed</Value>
				</NamedMeasurement>
				<NamedMeasurement type="text/string" name="Command Line">
					<Value>/Users/vitaliysobol/projects/personal/cpp/json-parser/build-vscode/test/ExampleTests</Value>
				</NamedMeasurement>
				<NamedMeasurement type="text/string" name="Environment">
					<Value>#CTEST_RESOURCE_GROUP_COUNT=</Value>
				</NamedMeasurement>
				<Measurement>
					<Value encoding="base64" compression="gzip">eJydUj1PwzAQ3f0rrlszJIYwM1RQMSA+lLRTFCE3mMiV4zO2U+DfY9elaoBEiFt8tt+79+7soldKqBY6JtQ8gReDHdC15cbSnXBMig+LG5RUG9zyxlmq/RUqJmmjNd36NNXMeDxtEVvJHbfuNLWmoW3InoJC1jSkujxGDcVB/gICxkb9fL8B2wu/ZqRKj1HDjcQNkxHA1U4YVB1XHsxd2utv4Py06vKddVryVTghFRTre9hHPbjJ7hZXpHTMuGCr1zOy4syE/Bnf1MwTYzzc/kKE+Rl0NpmoXr72zPD/CUTuUeNPjUY0OPRPmZAh6TxO8QcnH/effzUw6jKfsjmqOGVz7MWdH1saZjb8UeM/CQxT2VDJt/G4KMvldWj0wMzIJ1lr+Rk=</Value>
				</Measurement>
			</Results>
		</Test>
		<EndDateTime>Apr 04 17:09 EEST</EndDateTime>
		<EndTestTime>1712239765</EndTestTime>
		<ElapsedMinutes>0</ElapsedMinutes>
	</Testing>
</Site>
